{"/home/travis/build/npmtest/node-npmtest-moxie-zip/test.js":{"path":"/home/travis/build/npmtest/node-npmtest-moxie-zip/test.js","s":{"1":2,"2":2,"3":2,"4":2,"5":2,"6":2,"7":2,"8":1,"9":2,"10":2,"11":1,"12":1,"13":1,"14":1,"15":2,"16":2,"17":2,"18":2,"19":1,"20":1,"21":2,"22":2,"23":2,"24":1,"25":1,"26":1,"27":1,"28":1,"29":1,"30":1,"31":1,"32":1,"33":1,"34":1,"35":1,"36":1,"37":1,"38":1,"39":2,"40":2,"41":1,"42":2,"43":2,"44":1,"45":2,"46":2,"47":1,"48":2,"49":2,"50":1,"51":1,"52":1,"53":1,"54":1},"b":{"1":[2,1,1,1],"2":[1,1,1,1],"3":[1,1],"4":[1,1],"5":[1,1],"6":[1,1],"7":[1,1],"8":[1,1],"9":[1,1],"10":[1,1,1],"11":[1,1],"12":[1,1],"13":[1,1],"14":[1,1],"15":[1,1],"16":[1,1],"17":[1,1]},"f":{"1":2,"2":2,"3":2,"4":2,"5":2,"6":1,"7":1,"8":1,"9":2,"10":2,"11":2,"12":2,"13":1},"fnMap":{"1":{"name":"(anonymous_1)","line":12,"loc":{"start":{"line":12,"column":1},"end":{"line":12,"column":13}}},"2":{"name":"(anonymous_2)","line":19,"loc":{"start":{"line":19,"column":5},"end":{"line":19,"column":17}}},"3":{"name":"(anonymous_3)","line":23,"loc":{"start":{"line":23,"column":24},"end":{"line":23,"column":36}}},"4":{"name":"(anonymous_4)","line":61,"loc":{"start":{"line":61,"column":5},"end":{"line":61,"column":17}}},"5":{"name":"(anonymous_5)","line":82,"loc":{"start":{"line":82,"column":5},"end":{"line":82,"column":17}}},"6":{"name":"(anonymous_6)","line":91,"loc":{"start":{"line":91,"column":77},"end":{"line":94,"column":10}}},"7":{"name":"(anonymous_7)","line":112,"loc":{"start":{"line":112,"column":83},"end":{"line":115,"column":10}},"skip":true},"8":{"name":"(anonymous_8)","line":123,"loc":{"start":{"line":123,"column":77},"end":{"line":126,"column":10}},"skip":true},"9":{"name":"(anonymous_9)","line":139,"loc":{"start":{"line":139,"column":12},"end":{"line":139,"column":40}},"skip":true},"10":{"name":"(anonymous_10)","line":147,"loc":{"start":{"line":147,"column":77},"end":{"line":150,"column":10}},"skip":true},"11":{"name":"(anonymous_11)","line":158,"loc":{"start":{"line":158,"column":83},"end":{"line":161,"column":10}},"skip":true},"12":{"name":"(anonymous_12)","line":169,"loc":{"start":{"line":169,"column":79},"end":{"line":172,"column":10}},"skip":true},"13":{"name":"(anonymous_13)","line":180,"loc":{"start":{"line":180,"column":75},"end":{"line":183,"column":10}},"skip":true}},"statementMap":{"1":{"start":{"line":12,"column":0},"end":{"line":195,"column":5}},"2":{"start":{"line":14,"column":4},"end":{"line":14,"column":14}},"3":{"start":{"line":19,"column":4},"end":{"line":56,"column":9}},"4":{"start":{"line":21,"column":8},"end":{"line":21,"column":19}},"5":{"start":{"line":23,"column":8},"end":{"line":35,"column":13}},"6":{"start":{"line":24,"column":12},"end":{"line":34,"column":13}},"7":{"start":{"line":25,"column":16},"end":{"line":28,"column":30}},"8":{"start":{"line":30,"column":16},"end":{"line":33,"column":27}},"9":{"start":{"line":37,"column":8},"end":{"line":39,"column":21}},"10":{"start":{"line":40,"column":8},"end":{"line":53,"column":9}},"11":{"start":{"line":43,"column":12},"end":{"line":46,"column":14}},"12":{"start":{"line":47,"column":12},"end":{"line":47,"column":18}},"13":{"start":{"line":50,"column":12},"end":{"line":51,"column":46}},"14":{"start":{"line":52,"column":12},"end":{"line":52,"column":18}},"15":{"start":{"line":55,"column":8},"end":{"line":55,"column":35}},"16":{"start":{"line":61,"column":4},"end":{"line":63,"column":9}},"17":{"start":{"line":62,"column":8},"end":{"line":62,"column":15}},"18":{"start":{"line":64,"column":4},"end":{"line":77,"column":5}},"19":{"start":{"line":70,"column":8},"end":{"line":70,"column":14}},"20":{"start":{"line":76,"column":8},"end":{"line":76,"column":14}},"21":{"start":{"line":82,"column":4},"end":{"line":84,"column":9}},"22":{"start":{"line":83,"column":8},"end":{"line":83,"column":15}},"23":{"start":{"line":85,"column":4},"end":{"line":194,"column":5}},"24":{"start":{"line":91,"column":8},"end":{"line":99,"column":10}},"25":{"start":{"line":98,"column":12},"end":{"line":98,"column":35}},"26":{"start":{"line":102,"column":8},"end":{"line":104,"column":63}},"27":{"start":{"line":105,"column":8},"end":{"line":105,"column":14}},"28":{"start":{"line":112,"column":8},"end":{"line":121,"column":10},"skip":true},"29":{"start":{"line":119,"column":12},"end":{"line":119,"column":55},"skip":true},"30":{"start":{"line":120,"column":12},"end":{"line":120,"column":48},"skip":true},"31":{"start":{"line":123,"column":8},"end":{"line":136,"column":10},"skip":true},"32":{"start":{"line":130,"column":12},"end":{"line":130,"column":76},"skip":true},"33":{"start":{"line":131,"column":12},"end":{"line":131,"column":73},"skip":true},"34":{"start":{"line":132,"column":12},"end":{"line":132,"column":74},"skip":true},"35":{"start":{"line":133,"column":12},"end":{"line":133,"column":79},"skip":true},"36":{"start":{"line":134,"column":12},"end":{"line":134,"column":25},"skip":true},"37":{"start":{"line":135,"column":12},"end":{"line":135,"column":45},"skip":true},"38":{"start":{"line":138,"column":8},"end":{"line":145,"column":14},"skip":true},"39":{"start":{"line":143,"column":16},"end":{"line":143,"column":29},"skip":true},"40":{"start":{"line":144,"column":16},"end":{"line":144,"column":55},"skip":true},"41":{"start":{"line":147,"column":8},"end":{"line":156,"column":10},"skip":true},"42":{"start":{"line":154,"column":12},"end":{"line":154,"column":25},"skip":true},"43":{"start":{"line":155,"column":12},"end":{"line":155,"column":45},"skip":true},"44":{"start":{"line":158,"column":8},"end":{"line":167,"column":10},"skip":true},"45":{"start":{"line":165,"column":12},"end":{"line":165,"column":25},"skip":true},"46":{"start":{"line":166,"column":12},"end":{"line":166,"column":48},"skip":true},"47":{"start":{"line":169,"column":8},"end":{"line":178,"column":10},"skip":true},"48":{"start":{"line":176,"column":12},"end":{"line":176,"column":25},"skip":true},"49":{"start":{"line":177,"column":12},"end":{"line":177,"column":46},"skip":true},"50":{"start":{"line":180,"column":8},"end":{"line":189,"column":10},"skip":true},"51":{"start":{"line":187,"column":12},"end":{"line":187,"column":94},"skip":true},"52":{"start":{"line":188,"column":12},"end":{"line":188,"column":48},"skip":true},"53":{"start":{"line":192,"column":8},"end":{"line":192,"column":35},"skip":true},"54":{"start":{"line":193,"column":8},"end":{"line":193,"column":14},"skip":true}},"branchMap":{"1":{"line":25,"type":"binary-expr","locations":[{"start":{"line":25,"column":23},"end":{"line":25,"column":62}},{"start":{"line":26,"column":20},"end":{"line":26,"column":70}},{"start":{"line":27,"column":20},"end":{"line":27,"column":71}},{"start":{"line":28,"column":20},"end":{"line":28,"column":29}}]},"2":{"line":30,"type":"binary-expr","locations":[{"start":{"line":30,"column":23},"end":{"line":30,"column":37}},{"start":{"line":31,"column":20},"end":{"line":31,"column":61}},{"start":{"line":32,"column":20},"end":{"line":32,"column":70}},{"start":{"line":33,"column":20},"end":{"line":33,"column":26}}]},"3":{"line":37,"type":"cond-expr","locations":[{"start":{"line":38,"column":14},"end":{"line":38,"column":20}},{"start":{"line":39,"column":14},"end":{"line":39,"column":20}}]},"4":{"line":40,"type":"switch","locations":[{"start":{"line":42,"column":8},"end":{"line":47,"column":18}},{"start":{"line":49,"column":8},"end":{"line":52,"column":18}}]},"5":{"line":44,"type":"binary-expr","locations":[{"start":{"line":44,"column":16},"end":{"line":44,"column":44}},{"start":{"line":44,"column":48},"end":{"line":44,"column":66}}]},"6":{"line":50,"type":"binary-expr","locations":[{"start":{"line":50,"column":21},"end":{"line":50,"column":49}},{"start":{"line":50,"column":53},"end":{"line":50,"column":72}}]},"7":{"line":64,"type":"switch","locations":[{"start":{"line":69,"column":4},"end":{"line":70,"column":14}},{"start":{"line":75,"column":4},"end":{"line":76,"column":14}}]},"8":{"line":85,"type":"switch","locations":[{"start":{"line":90,"column":4},"end":{"line":105,"column":14}},{"start":{"line":111,"column":4},"end":{"line":193,"column":14},"skip":true}]},"9":{"line":91,"type":"binary-expr","locations":[{"start":{"line":91,"column":42},"end":{"line":91,"column":73}},{"start":{"line":91,"column":77},"end":{"line":99,"column":9}}]},"10":{"line":102,"type":"binary-expr","locations":[{"start":{"line":102,"column":18},"end":{"line":102,"column":32}},{"start":{"line":103,"column":12},"end":{"line":103,"column":53}},{"start":{"line":104,"column":12},"end":{"line":104,"column":61}}]},"11":{"line":112,"type":"binary-expr","locations":[{"start":{"line":112,"column":45},"end":{"line":112,"column":79},"skip":true},{"start":{"line":112,"column":83},"end":{"line":121,"column":9},"skip":true}]},"12":{"line":123,"type":"binary-expr","locations":[{"start":{"line":123,"column":42},"end":{"line":123,"column":73},"skip":true},{"start":{"line":123,"column":77},"end":{"line":136,"column":9},"skip":true}]},"13":{"line":138,"type":"binary-expr","locations":[{"start":{"line":138,"column":48},"end":{"line":138,"column":85},"skip":true},{"start":{"line":139,"column":12},"end":{"line":145,"column":13},"skip":true}]},"14":{"line":147,"type":"binary-expr","locations":[{"start":{"line":147,"column":42},"end":{"line":147,"column":73},"skip":true},{"start":{"line":147,"column":77},"end":{"line":156,"column":9},"skip":true}]},"15":{"line":158,"type":"binary-expr","locations":[{"start":{"line":158,"column":45},"end":{"line":158,"column":79},"skip":true},{"start":{"line":158,"column":83},"end":{"line":167,"column":9},"skip":true}]},"16":{"line":169,"type":"binary-expr","locations":[{"start":{"line":169,"column":43},"end":{"line":169,"column":75},"skip":true},{"start":{"line":169,"column":79},"end":{"line":178,"column":9},"skip":true}]},"17":{"line":180,"type":"binary-expr","locations":[{"start":{"line":180,"column":41},"end":{"line":180,"column":71},"skip":true},{"start":{"line":180,"column":75},"end":{"line":189,"column":9},"skip":true}]}},"code":["/* istanbul instrument in package npmtest_moxie_zip */","/*jslint","    bitwise: true,","    browser: true,","    maxerr: 8,","    maxlen: 96,","    node: true,","    nomen: true,","    regexp: true,","    stupid: true","*/","(function () {","    'use strict';","    var local;","","","","    // run shared js-env code - pre-init","    (function () {","        // init local","        local = {};","        // init modeJs","        local.modeJs = (function () {","            try {","                return typeof navigator.userAgent === 'string' &&","                    typeof document.querySelector('body') === 'object' &&","                    typeof XMLHttpRequest.prototype.open === 'function' &&","                    'browser';","            } catch (errorCaughtBrowser) {","                return module.exports &&","                    typeof process.versions.node === 'string' &&","                    typeof require('http').createServer === 'function' &&","                    'node';","            }","        }());","        // init global","        local.global = local.modeJs === 'browser'","            ? window","            : global;","        switch (local.modeJs) {","        // re-init local from window.local","        case 'browser':","            local = local.global.utility2.objectSetDefault(","                local.global.utility2_rollup || local.global.local,","                local.global.utility2","            );","            break;","        // re-init local from example.js","        case 'node':","            local = (local.global.utility2_rollup || require('utility2'))","                .requireExampleJsFromReadme();","            break;","        }","        // export local","        local.global.local = local;","    }());","","","","    // run shared js-env code - function","    (function () {","        return;","    }());","    switch (local.modeJs) {","","","","    // run browser js-env code - function","    case 'browser':","        break;","","","","    // run node js-env code - function","    case 'node':","        break;","    }","","","","    // run shared js-env code - post-init","    (function () {","        return;","    }());","    switch (local.modeJs) {","","","","    // run browser js-env code - post-init","    case 'browser':","        local.testCase_browser_nullCase = local.testCase_browser_nullCase || function (","            options,","            onError","        ) {","        /*","         * this function will test browsers's null-case handling-behavior-behavior","         */","            onError(null, options);","        };","","        // run tests","        local.nop(local.modeTest &&","            document.querySelector('#testRunButton1') &&","            document.querySelector('#testRunButton1').click());","        break;","","","","    // run node js-env code - post-init","    /* istanbul ignore next */","    case 'node':","        local.testCase_buildApidoc_default = local.testCase_buildApidoc_default || function (","            options,","            onError","        ) {","        /*","         * this function will test buildApidoc's default handling-behavior-behavior","         */","            options = { modulePathList: module.paths };","            local.buildApidoc(options, onError);","        };","","        local.testCase_buildApp_default = local.testCase_buildApp_default || function (","            options,","            onError","        ) {","        /*","         * this function will test buildApp's default handling-behavior-behavior","         */","            local.testCase_buildReadme_default(options, local.onErrorThrow);","            local.testCase_buildLib_default(options, local.onErrorThrow);","            local.testCase_buildTest_default(options, local.onErrorThrow);","            local.testCase_buildCustomOrg_default(options, local.onErrorThrow);","            options = [];","            local.buildApp(options, onError);","        };","","        local.testCase_buildCustomOrg_default = local.testCase_buildCustomOrg_default ||","            function (options, onError) {","            /*","             * this function will test buildCustomOrg's default handling-behavior","             */","                options = {};","                local.buildCustomOrg(options, onError);","            };","","        local.testCase_buildLib_default = local.testCase_buildLib_default || function (","            options,","            onError","        ) {","        /*","         * this function will test buildLib's default handling-behavior","         */","            options = {};","            local.buildLib(options, onError);","        };","","        local.testCase_buildReadme_default = local.testCase_buildReadme_default || function (","            options,","            onError","        ) {","        /*","         * this function will test buildReadme's default handling-behavior-behavior","         */","            options = {};","            local.buildReadme(options, onError);","        };","","        local.testCase_buildTest_default = local.testCase_buildTest_default || function (","            options,","            onError","        ) {","        /*","         * this function will test buildTest's default handling-behavior","         */","            options = {};","            local.buildTest(options, onError);","        };","","        local.testCase_webpage_default = local.testCase_webpage_default || function (","            options,","            onError","        ) {","        /*","         * this function will test webpage's default handling-behavior","         */","            options = { modeCoverageMerge: true, url: local.serverLocalHost + '?modeTest=1' };","            local.browserTest(options, onError);","        };","","        // run test-server","        local.testRunServer(local);","        break;","    }","}());",""],"l":{"12":2,"14":2,"19":2,"21":2,"23":2,"24":2,"25":2,"30":1,"37":2,"40":2,"43":1,"47":1,"50":1,"52":1,"55":2,"61":2,"62":2,"64":2,"70":1,"76":1,"82":2,"83":2,"85":2,"91":1,"98":1,"102":1,"105":1,"112":1,"119":1,"120":1,"123":1,"130":1,"131":1,"132":1,"133":1,"134":1,"135":1,"138":1,"143":2,"144":2,"147":1,"154":2,"155":2,"158":1,"165":2,"166":2,"169":1,"176":2,"177":2,"180":1,"187":1,"188":1,"192":1,"193":1}},"/home/travis/build/npmtest/node-npmtest-moxie-zip/lib.npmtest_moxie_zip.js":{"path":"/home/travis/build/npmtest/node-npmtest-moxie-zip/lib.npmtest_moxie_zip.js","s":{"1":2,"2":2,"3":2,"4":2,"5":2,"6":2,"7":2,"8":1,"9":2,"10":2,"11":2,"12":2,"13":1,"14":1,"15":1,"16":1},"b":{"1":[2,1,1,1],"2":[1,1,1,1],"3":[1,1],"4":[2,2],"5":[1,1]},"f":{"1":2,"2":2,"3":2},"fnMap":{"1":{"name":"(anonymous_1)","line":12,"loc":{"start":{"line":12,"column":1},"end":{"line":12,"column":13}}},"2":{"name":"(anonymous_2)","line":19,"loc":{"start":{"line":19,"column":5},"end":{"line":19,"column":17}}},"3":{"name":"(anonymous_3)","line":23,"loc":{"start":{"line":23,"column":24},"end":{"line":23,"column":36}}}},"statementMap":{"1":{"start":{"line":12,"column":0},"end":{"line":53,"column":5}},"2":{"start":{"line":14,"column":4},"end":{"line":14,"column":14}},"3":{"start":{"line":19,"column":4},"end":{"line":52,"column":9}},"4":{"start":{"line":21,"column":8},"end":{"line":21,"column":19}},"5":{"start":{"line":23,"column":8},"end":{"line":35,"column":13}},"6":{"start":{"line":24,"column":12},"end":{"line":34,"column":13}},"7":{"start":{"line":25,"column":16},"end":{"line":28,"column":30}},"8":{"start":{"line":30,"column":16},"end":{"line":33,"column":27}},"9":{"start":{"line":37,"column":8},"end":{"line":39,"column":21}},"10":{"start":{"line":41,"column":8},"end":{"line":41,"column":54}},"11":{"start":{"line":43,"column":8},"end":{"line":43,"column":54}},"12":{"start":{"line":45,"column":8},"end":{"line":51,"column":9}},"13":{"start":{"line":46,"column":12},"end":{"line":46,"column":60}},"14":{"start":{"line":48,"column":12},"end":{"line":48,"column":35}},"15":{"start":{"line":49,"column":12},"end":{"line":49,"column":49}},"16":{"start":{"line":50,"column":12},"end":{"line":50,"column":43}}},"branchMap":{"1":{"line":25,"type":"binary-expr","locations":[{"start":{"line":25,"column":23},"end":{"line":25,"column":62}},{"start":{"line":26,"column":20},"end":{"line":26,"column":70}},{"start":{"line":27,"column":20},"end":{"line":27,"column":71}},{"start":{"line":28,"column":20},"end":{"line":28,"column":29}}]},"2":{"line":30,"type":"binary-expr","locations":[{"start":{"line":30,"column":23},"end":{"line":30,"column":37}},{"start":{"line":31,"column":20},"end":{"line":31,"column":61}},{"start":{"line":32,"column":20},"end":{"line":32,"column":70}},{"start":{"line":33,"column":20},"end":{"line":33,"column":26}}]},"3":{"line":37,"type":"cond-expr","locations":[{"start":{"line":38,"column":14},"end":{"line":38,"column":20}},{"start":{"line":39,"column":14},"end":{"line":39,"column":20}}]},"4":{"line":41,"type":"binary-expr","locations":[{"start":{"line":41,"column":16},"end":{"line":41,"column":44}},{"start":{"line":41,"column":48},"end":{"line":41,"column":53}}]},"5":{"line":45,"type":"if","locations":[{"start":{"line":45,"column":8},"end":{"line":45,"column":8}},{"start":{"line":45,"column":8},"end":{"line":45,"column":8}}]}},"code":["/* istanbul instrument in package npmtest_moxie_zip */","/*jslint","    bitwise: true,","    browser: true,","    maxerr: 8,","    maxlen: 96,","    node: true,","    nomen: true,","    regexp: true,","    stupid: true","*/","(function () {","    'use strict';","    var local;","","","","    // run shared js-env code - pre-init","    (function () {","        // init local","        local = {};","        // init modeJs","        local.modeJs = (function () {","            try {","                return typeof navigator.userAgent === 'string' &&","                    typeof document.querySelector('body') === 'object' &&","                    typeof XMLHttpRequest.prototype.open === 'function' &&","                    'browser';","            } catch (errorCaughtBrowser) {","                return module.exports &&","                    typeof process.versions.node === 'string' &&","                    typeof require('http').createServer === 'function' &&","                    'node';","            }","        }());","        // init global","        local.global = local.modeJs === 'browser'","            ? window","            : global;","        // init utility2_rollup","        local = local.global.utility2_rollup || local;","        // init lib","        local.local = local.npmtest_moxie_zip = local;","        // init exports","        if (local.modeJs === 'browser') {","            local.global.utility2_npmtest_moxie_zip = local;","        } else {","            module.exports = local;","            module.exports.__dirname = __dirname;","            module.exports.module = module;","        }","    }());","}());",""],"l":{"12":2,"14":2,"19":2,"21":2,"23":2,"24":2,"25":2,"30":1,"37":2,"41":2,"43":2,"45":2,"46":1,"48":1,"49":1,"50":1}},"/home/travis/build/npmtest/node-npmtest-moxie-zip/example.js":{"path":"/home/travis/build/npmtest/node-npmtest-moxie-zip/example.js","s":{"1":2,"2":2,"3":2,"4":2,"5":2,"6":2,"7":2,"8":1,"9":2,"10":2,"11":2,"12":2,"13":1,"14":2,"15":2,"16":2,"17":2,"18":2,"19":0,"20":2,"21":1,"22":1,"23":1,"24":1,"25":1,"26":0,"27":0,"28":1,"29":1,"30":2,"31":0,"32":0,"33":0,"34":1,"35":2,"36":2,"37":3,"38":3,"39":3,"40":3,"41":0,"42":3,"43":3,"44":3,"45":1,"46":3,"47":1,"48":1,"49":1,"50":1,"51":1,"52":1,"53":1,"54":1,"55":1,"56":1,"57":0,"58":1,"59":6,"60":6,"61":1,"62":2,"63":0,"64":2,"65":1,"66":1,"67":0,"68":0,"69":0,"70":0,"71":0,"72":0,"73":0,"74":0,"75":0,"76":0,"77":0,"78":0,"79":0,"80":0,"81":0,"82":0,"83":0},"b":{"1":[2,1,1,1],"2":[1,1,1,1],"3":[1,1],"4":[2,2],"5":[1,1],"6":[1,1],"7":[2,0],"8":[2,1,1,1,1,1],"9":[0,2,0],"10":[1,1],"11":[2,1,1],"12":[1,0],"13":[0,2],"14":[2,0,0,0,0,0,0],"15":[0,3],"16":[3,0],"17":[1,1],"18":[0,1],"19":[1,2,0,2],"20":[1,0],"21":[1,1],"22":[0,0],"23":[0,0],"24":[0,0],"25":[0,0],"26":[0,0],"27":[0,0],"28":[0,0]},"f":{"1":2,"2":2,"3":2,"4":2,"5":2,"6":2,"7":3,"8":3,"9":3,"10":1,"11":6,"12":0},"fnMap":{"1":{"name":"(anonymous_1)","line":26,"loc":{"start":{"line":26,"column":1},"end":{"line":26,"column":13}}},"2":{"name":"(anonymous_2)","line":33,"loc":{"start":{"line":33,"column":5},"end":{"line":33,"column":17}}},"3":{"name":"(anonymous_3)","line":37,"loc":{"start":{"line":37,"column":24},"end":{"line":37,"column":36}}},"4":{"name":"(anonymous_4)","line":69,"loc":{"start":{"line":69,"column":31},"end":{"line":69,"column":48}},"skip":true},"5":{"name":"(anonymous_5)","line":78,"loc":{"start":{"line":78,"column":26},"end":{"line":78,"column":45}},"skip":true},"6":{"name":"(anonymous_6)","line":123,"loc":{"start":{"line":123,"column":33},"end":{"line":123,"column":48}},"skip":true},"7":{"name":"(anonymous_7)","line":125,"loc":{"start":{"line":125,"column":27},"end":{"line":125,"column":39}},"skip":true},"8":{"name":"(anonymous_8)","line":133,"loc":{"start":{"line":133,"column":59},"end":{"line":133,"column":74}},"skip":true},"9":{"name":"(anonymous_9)","line":143,"loc":{"start":{"line":143,"column":45},"end":{"line":143,"column":62}},"skip":true},"10":{"name":"(anonymous_10)","line":144,"loc":{"start":{"line":144,"column":73},"end":{"line":144,"column":92}},"skip":true},"11":{"name":"(anonymous_11)","line":272,"loc":{"start":{"line":272,"column":51},"end":{"line":272,"column":77}},"skip":true},"12":{"name":"(anonymous_12)","line":315,"loc":{"start":{"line":315,"column":32},"end":{"line":315,"column":61}},"skip":true}},"statementMap":{"1":{"start":{"line":26,"column":0},"end":{"line":326,"column":5}},"2":{"start":{"line":28,"column":4},"end":{"line":28,"column":14}},"3":{"start":{"line":33,"column":4},"end":{"line":60,"column":9}},"4":{"start":{"line":35,"column":8},"end":{"line":35,"column":19}},"5":{"start":{"line":37,"column":8},"end":{"line":49,"column":13}},"6":{"start":{"line":38,"column":12},"end":{"line":48,"column":13}},"7":{"start":{"line":39,"column":16},"end":{"line":42,"column":30}},"8":{"start":{"line":44,"column":16},"end":{"line":47,"column":27}},"9":{"start":{"line":51,"column":8},"end":{"line":53,"column":21}},"10":{"start":{"line":55,"column":8},"end":{"line":57,"column":45}},"11":{"start":{"line":59,"column":8},"end":{"line":59,"column":35}},"12":{"start":{"line":61,"column":4},"end":{"line":325,"column":5}},"13":{"start":{"line":69,"column":8},"end":{"line":121,"column":10},"skip":true},"14":{"start":{"line":70,"column":12},"end":{"line":88,"column":13},"skip":true},"15":{"start":{"line":76,"column":16},"end":{"line":87,"column":19},"skip":true},"16":{"start":{"line":79,"column":20},"end":{"line":86,"column":21},"skip":true},"17":{"start":{"line":82,"column":24},"end":{"line":82,"column":43},"skip":true},"18":{"start":{"line":83,"column":24},"end":{"line":83,"column":30},"skip":true},"19":{"start":{"line":85,"column":24},"end":{"line":85,"column":49},"skip":true},"20":{"start":{"line":89,"column":12},"end":{"line":107,"column":13},"skip":true},"21":{"start":{"line":92,"column":16},"end":{"line":102,"column":17},"skip":true},"22":{"start":{"line":93,"column":20},"end":{"line":93,"column":86},"skip":true},"23":{"start":{"line":94,"column":20},"end":{"line":95,"column":45},"skip":true},"24":{"start":{"line":96,"column":20},"end":{"line":96,"column":42},"skip":true},"25":{"start":{"line":97,"column":20},"end":{"line":97,"column":48},"skip":true},"26":{"start":{"line":100,"column":20},"end":{"line":100,"column":85},"skip":true},"27":{"start":{"line":101,"column":20},"end":{"line":101,"column":96},"skip":true},"28":{"start":{"line":103,"column":16},"end":{"line":103,"column":22},"skip":true},"29":{"start":{"line":106,"column":16},"end":{"line":106,"column":22},"skip":true},"30":{"start":{"line":108,"column":12},"end":{"line":120,"column":13},"skip":true},"31":{"start":{"line":114,"column":16},"end":{"line":119,"column":17},"skip":true},"32":{"start":{"line":116,"column":20},"end":{"line":116,"column":78},"skip":true},"33":{"start":{"line":118,"column":20},"end":{"line":118,"column":47},"skip":true},"34":{"start":{"line":123,"column":8},"end":{"line":141,"column":11},"skip":true},"35":{"start":{"line":124,"column":12},"end":{"line":124,"column":54},"skip":true},"36":{"start":{"line":125,"column":12},"end":{"line":140,"column":14},"skip":true},"37":{"start":{"line":126,"column":16},"end":{"line":126,"column":28},"skip":true},"38":{"start":{"line":127,"column":16},"end":{"line":127,"column":69},"skip":true},"39":{"start":{"line":128,"column":16},"end":{"line":128,"column":75},"skip":true},"40":{"start":{"line":129,"column":16},"end":{"line":131,"column":17},"skip":true},"41":{"start":{"line":130,"column":20},"end":{"line":130,"column":27},"skip":true},"42":{"start":{"line":133,"column":16},"end":{"line":137,"column":36},"skip":true},"43":{"start":{"line":134,"column":20},"end":{"line":136,"column":55},"skip":true},"44":{"start":{"line":139,"column":16},"end":{"line":139,"column":57},"skip":true},"45":{"start":{"line":143,"column":8},"end":{"line":147,"column":11},"skip":true},"46":{"start":{"line":144,"column":12},"end":{"line":146,"column":15},"skip":true},"47":{"start":{"line":145,"column":16},"end":{"line":145,"column":70},"skip":true},"48":{"start":{"line":149,"column":8},"end":{"line":149,"column":31},"skip":true},"49":{"start":{"line":150,"column":8},"end":{"line":150,"column":14},"skip":true},"50":{"start":{"line":158,"column":8},"end":{"line":158,"column":31},"skip":true},"51":{"start":{"line":160,"column":8},"end":{"line":160,"column":33},"skip":true},"52":{"start":{"line":161,"column":8},"end":{"line":161,"column":37},"skip":true},"53":{"start":{"line":162,"column":8},"end":{"line":162,"column":35},"skip":true},"54":{"start":{"line":164,"column":8},"end":{"line":164,"column":50},"skip":true},"55":{"start":{"line":166,"column":8},"end":{"line":256,"column":2},"skip":true},"56":{"start":{"line":258,"column":8},"end":{"line":286,"column":9},"skip":true},"57":{"start":{"line":259,"column":12},"end":{"line":269,"column":14},"skip":true},"58":{"start":{"line":271,"column":12},"end":{"line":285,"column":19},"skip":true},"59":{"start":{"line":274,"column":20},"end":{"line":274,"column":35},"skip":true},"60":{"start":{"line":275,"column":20},"end":{"line":284,"column":21},"skip":true},"61":{"start":{"line":277,"column":24},"end":{"line":277,"column":64},"skip":true},"62":{"start":{"line":279,"column":24},"end":{"line":279,"column":40},"skip":true},"63":{"start":{"line":281,"column":24},"end":{"line":281,"column":40},"skip":true},"64":{"start":{"line":283,"column":24},"end":{"line":283,"column":39},"skip":true},"65":{"start":{"line":288,"column":8},"end":{"line":290,"column":9},"skip":true},"66":{"start":{"line":289,"column":12},"end":{"line":289,"column":18},"skip":true},"67":{"start":{"line":291,"column":8},"end":{"line":293,"column":54},"skip":true},"68":{"start":{"line":296,"column":8},"end":{"line":301,"column":37},"skip":true},"69":{"start":{"line":303,"column":8},"end":{"line":303,"column":82},"skip":true},"70":{"start":{"line":306,"column":8},"end":{"line":308,"column":9},"skip":true},"71":{"start":{"line":307,"column":12},"end":{"line":307,"column":82},"skip":true},"72":{"start":{"line":310,"column":8},"end":{"line":312,"column":9},"skip":true},"73":{"start":{"line":311,"column":12},"end":{"line":311,"column":18},"skip":true},"74":{"start":{"line":313,"column":8},"end":{"line":313,"column":54},"skip":true},"75":{"start":{"line":314,"column":8},"end":{"line":314,"column":69},"skip":true},"76":{"start":{"line":315,"column":8},"end":{"line":323,"column":36},"skip":true},"77":{"start":{"line":316,"column":12},"end":{"line":316,"column":61},"skip":true},"78":{"start":{"line":317,"column":12},"end":{"line":320,"column":13},"skip":true},"79":{"start":{"line":318,"column":16},"end":{"line":318,"column":75},"skip":true},"80":{"start":{"line":319,"column":16},"end":{"line":319,"column":23},"skip":true},"81":{"start":{"line":321,"column":12},"end":{"line":321,"column":38},"skip":true},"82":{"start":{"line":322,"column":12},"end":{"line":322,"column":27},"skip":true},"83":{"start":{"line":324,"column":8},"end":{"line":324,"column":14},"skip":true}},"branchMap":{"1":{"line":39,"type":"binary-expr","locations":[{"start":{"line":39,"column":23},"end":{"line":39,"column":62}},{"start":{"line":40,"column":20},"end":{"line":40,"column":70}},{"start":{"line":41,"column":20},"end":{"line":41,"column":71}},{"start":{"line":42,"column":20},"end":{"line":42,"column":29}}]},"2":{"line":44,"type":"binary-expr","locations":[{"start":{"line":44,"column":23},"end":{"line":44,"column":37}},{"start":{"line":45,"column":20},"end":{"line":45,"column":61}},{"start":{"line":46,"column":20},"end":{"line":46,"column":70}},{"start":{"line":47,"column":20},"end":{"line":47,"column":26}}]},"3":{"line":51,"type":"cond-expr","locations":[{"start":{"line":52,"column":14},"end":{"line":52,"column":20}},{"start":{"line":53,"column":14},"end":{"line":53,"column":20}}]},"4":{"line":55,"type":"binary-expr","locations":[{"start":{"line":55,"column":16},"end":{"line":55,"column":44}},{"start":{"line":55,"column":49},"end":{"line":57,"column":43}}]},"5":{"line":55,"type":"cond-expr","locations":[{"start":{"line":56,"column":14},"end":{"line":56,"column":53}},{"start":{"line":57,"column":14},"end":{"line":57,"column":43}}]},"6":{"line":61,"type":"switch","locations":[{"start":{"line":68,"column":4},"end":{"line":150,"column":14},"skip":true},{"start":{"line":156,"column":4},"end":{"line":324,"column":14},"skip":true}]},"7":{"line":70,"type":"if","locations":[{"start":{"line":70,"column":12},"end":{"line":70,"column":12},"skip":true},{"start":{"line":70,"column":12},"end":{"line":70,"column":12},"skip":true}]},"8":{"line":70,"type":"binary-expr","locations":[{"start":{"line":70,"column":16},"end":{"line":70,"column":22},"skip":true},{"start":{"line":70,"column":27},"end":{"line":70,"column":32},"skip":true},{"start":{"line":71,"column":20},"end":{"line":71,"column":39},"skip":true},{"start":{"line":72,"column":20},"end":{"line":72,"column":49},"skip":true},{"start":{"line":73,"column":20},"end":{"line":73,"column":58},"skip":true},{"start":{"line":74,"column":20},"end":{"line":74,"column":69},"skip":true}]},"9":{"line":79,"type":"switch","locations":[{"start":{"line":80,"column":20},"end":{"line":80,"column":33},"skip":true},{"start":{"line":81,"column":20},"end":{"line":83,"column":30},"skip":true},{"start":{"line":84,"column":20},"end":{"line":85,"column":49},"skip":true}]},"10":{"line":89,"type":"switch","locations":[{"start":{"line":90,"column":12},"end":{"line":103,"column":22},"skip":true},{"start":{"line":105,"column":12},"end":{"line":106,"column":22},"skip":true}]},"11":{"line":89,"type":"binary-expr","locations":[{"start":{"line":89,"column":20},"end":{"line":89,"column":25},"skip":true},{"start":{"line":89,"column":29},"end":{"line":89,"column":48},"skip":true},{"start":{"line":89,"column":52},"end":{"line":89,"column":74},"skip":true}]},"12":{"line":92,"type":"if","locations":[{"start":{"line":92,"column":16},"end":{"line":92,"column":16},"skip":true},{"start":{"line":92,"column":16},"end":{"line":92,"column":16},"skip":true}]},"13":{"line":108,"type":"if","locations":[{"start":{"line":108,"column":12},"end":{"line":108,"column":12},"skip":true},{"start":{"line":108,"column":12},"end":{"line":108,"column":12},"skip":true}]},"14":{"line":108,"type":"binary-expr","locations":[{"start":{"line":108,"column":16},"end":{"line":108,"column":61},"skip":true},{"start":{"line":108,"column":66},"end":{"line":108,"column":72},"skip":true},{"start":{"line":108,"column":77},"end":{"line":108,"column":82},"skip":true},{"start":{"line":109,"column":20},"end":{"line":109,"column":39},"skip":true},{"start":{"line":110,"column":20},"end":{"line":110,"column":49},"skip":true},{"start":{"line":111,"column":20},"end":{"line":111,"column":58},"skip":true},{"start":{"line":112,"column":20},"end":{"line":112,"column":68},"skip":true}]},"15":{"line":129,"type":"if","locations":[{"start":{"line":129,"column":16},"end":{"line":129,"column":16},"skip":true},{"start":{"line":129,"column":16},"end":{"line":129,"column":16},"skip":true}]},"16":{"line":134,"type":"cond-expr","locations":[{"start":{"line":135,"column":26},"end":{"line":135,"column":29},"skip":true},{"start":{"line":136,"column":26},"end":{"line":136,"column":54},"skip":true}]},"17":{"line":164,"type":"binary-expr","locations":[{"start":{"line":164,"column":27},"end":{"line":164,"column":43},"skip":true},{"start":{"line":164,"column":47},"end":{"line":164,"column":49},"skip":true}]},"18":{"line":258,"type":"if","locations":[{"start":{"line":258,"column":8},"end":{"line":258,"column":8},"skip":true},{"start":{"line":258,"column":8},"end":{"line":258,"column":8},"skip":true}]},"19":{"line":275,"type":"switch","locations":[{"start":{"line":276,"column":20},"end":{"line":277,"column":64},"skip":true},{"start":{"line":278,"column":20},"end":{"line":279,"column":40},"skip":true},{"start":{"line":280,"column":20},"end":{"line":281,"column":40},"skip":true},{"start":{"line":282,"column":20},"end":{"line":283,"column":39},"skip":true}]},"20":{"line":288,"type":"if","locations":[{"start":{"line":288,"column":8},"end":{"line":288,"column":8},"skip":true},{"start":{"line":288,"column":8},"end":{"line":288,"column":8},"skip":true}]},"21":{"line":288,"type":"binary-expr","locations":[{"start":{"line":288,"column":12},"end":{"line":288,"column":40},"skip":true},{"start":{"line":288,"column":44},"end":{"line":288,"column":67},"skip":true}]},"22":{"line":292,"type":"binary-expr","locations":[{"start":{"line":292,"column":12},"end":{"line":292,"column":50},"skip":true},{"start":{"line":293,"column":12},"end":{"line":293,"column":53},"skip":true}]},"23":{"line":297,"type":"binary-expr","locations":[{"start":{"line":297,"column":12},"end":{"line":297,"column":67},"skip":true},{"start":{"line":298,"column":12},"end":{"line":301,"column":36},"skip":true}]},"24":{"line":303,"type":"binary-expr","locations":[{"start":{"line":303,"column":43},"end":{"line":303,"column":75},"skip":true},{"start":{"line":303,"column":79},"end":{"line":303,"column":81},"skip":true}]},"25":{"line":306,"type":"if","locations":[{"start":{"line":306,"column":8},"end":{"line":306,"column":8},"skip":true},{"start":{"line":306,"column":8},"end":{"line":306,"column":8},"skip":true}]},"26":{"line":310,"type":"if","locations":[{"start":{"line":310,"column":8},"end":{"line":310,"column":8},"skip":true},{"start":{"line":310,"column":8},"end":{"line":310,"column":8},"skip":true}]},"27":{"line":313,"type":"binary-expr","locations":[{"start":{"line":313,"column":27},"end":{"line":313,"column":43},"skip":true},{"start":{"line":313,"column":47},"end":{"line":313,"column":53},"skip":true}]},"28":{"line":317,"type":"if","locations":[{"start":{"line":317,"column":12},"end":{"line":317,"column":12},"skip":true},{"start":{"line":317,"column":12},"end":{"line":317,"column":12},"skip":true}]}},"code":["/*","example.js","","quickstart example","","instruction","    1. save this script as example.js","    2. run the shell command:","        $ npm install npmtest-moxie-zip && PORT=8081 node example.js","    3. play with the browser-demo on http://127.0.0.1:8081","*/","","","","/* istanbul instrument in package npmtest_moxie_zip */","/*jslint","    bitwise: true,","    browser: true,","    maxerr: 8,","    maxlen: 96,","    node: true,","    nomen: true,","    regexp: true,","    stupid: true","*/","(function () {","    'use strict';","    var local;","","","","    // run shared js-env code - pre-init","    (function () {","        // init local","        local = {};","        // init modeJs","        local.modeJs = (function () {","            try {","                return typeof navigator.userAgent === 'string' &&","                    typeof document.querySelector('body') === 'object' &&","                    typeof XMLHttpRequest.prototype.open === 'function' &&","                    'browser';","            } catch (errorCaughtBrowser) {","                return module.exports &&","                    typeof process.versions.node === 'string' &&","                    typeof require('http').createServer === 'function' &&","                    'node';","            }","        }());","        // init global","        local.global = local.modeJs === 'browser'","            ? window","            : global;","        // init utility2_rollup","        local = local.global.utility2_rollup || (local.modeJs === 'browser'","            ? local.global.utility2_npmtest_moxie_zip","            : global.utility2_moduleExports);","        // export local","        local.global.local = local;","    }());","    switch (local.modeJs) {","","","","    // post-init","    // run browser js-env code - post-init","    /* istanbul ignore next */","    case 'browser':","        local.testRunBrowser = function (event) {","            if (!event || (event &&","                    event.currentTarget &&","                    event.currentTarget.className &&","                    event.currentTarget.className.includes &&","                    event.currentTarget.className.includes('onreset'))) {","                // reset output","                Array.from(","                    document.querySelectorAll('body > .resettable')","                ).forEach(function (element) {","                    switch (element.tagName) {","                    case 'INPUT':","                    case 'TEXTAREA':","                        element.value = '';","                        break;","                    default:","                        element.textContent = '';","                    }","                });","            }","            switch (event && event.currentTarget && event.currentTarget.id) {","            case 'testRunButton1':","                // show tests","                if (document.querySelector('#testReportDiv1').style.display === 'none') {","                    document.querySelector('#testReportDiv1').style.display = 'block';","                    document.querySelector('#testRunButton1').textContent =","                        'hide internal test';","                    local.modeTest = true;","                    local.testRunDefault(local);","                // hide tests","                } else {","                    document.querySelector('#testReportDiv1').style.display = 'none';","                    document.querySelector('#testRunButton1').textContent = 'run internal test';","                }","                break;","            // custom-case","            default:","                break;","            }","            if (document.querySelector('#inputTextareaEval1') && (!event || (event &&","                    event.currentTarget &&","                    event.currentTarget.className &&","                    event.currentTarget.className.includes &&","                    event.currentTarget.className.includes('oneval')))) {","                // try to eval input-code","                try {","                    /*jslint evil: true*/","                    eval(document.querySelector('#inputTextareaEval1').value);","                } catch (errorCaught) {","                    console.error(errorCaught);","                }","            }","        };","        // log stderr and stdout to #outputTextareaStdout1","        ['error', 'log'].forEach(function (key) {","            console[key + '_original'] = console[key];","            console[key] = function () {","                var element;","                console[key + '_original'].apply(console, arguments);","                element = document.querySelector('#outputTextareaStdout1');","                if (!element) {","                    return;","                }","                // append text to #outputTextareaStdout1","                element.value += Array.from(arguments).map(function (arg) {","                    return typeof arg === 'string'","                        ? arg","                        : JSON.stringify(arg, null, 4);","                }).join(' ') + '\\n';","                // scroll textarea to bottom","                element.scrollTop = element.scrollHeight;","            };","        });","        // init event-handling","        ['change', 'click', 'keyup'].forEach(function (event) {","            Array.from(document.querySelectorAll('.on' + event)).forEach(function (element) {","                element.addEventListener(event, local.testRunBrowser);","            });","        });","        // run tests","        local.testRunBrowser();","        break;","","","","    // run node js-env code - post-init","    /* istanbul ignore next */","    case 'node':","        // export local","        module.exports = local;","        // require modules","        local.fs = require('fs');","        local.http = require('http');","        local.url = require('url');","        // init assets","        local.assetsDict = local.assetsDict || {};","        /* jslint-ignore-begin */","        local.assetsDict['/assets.index.template.html'] = '\\","<!doctype html>\\n\\","<html lang=\"en\">\\n\\","<head>\\n\\","<meta charset=\"UTF-8\">\\n\\","<meta name=\"viewport\" content=\"width=device-width, initial-scale=1\">\\n\\","<title>{{env.npm_package_name}} (v{{env.npm_package_version}})</title>\\n\\","<style>\\n\\","/*csslint\\n\\","    box-sizing: false,\\n\\","    universal-selector: false\\n\\","*/\\n\\","* {\\n\\","    box-sizing: border-box;\\n\\","}\\n\\","body {\\n\\","    background: #dde;\\n\\","    font-family: Arial, Helvetica, sans-serif;\\n\\","    margin: 2rem;\\n\\","}\\n\\","body > * {\\n\\","    margin-bottom: 1rem;\\n\\","}\\n\\",".utility2FooterDiv {\\n\\","    margin-top: 20px;\\n\\","    text-align: center;\\n\\","}\\n\\","</style>\\n\\","<style>\\n\\","/*csslint\\n\\","*/\\n\\","textarea {\\n\\","    font-family: monospace;\\n\\","    height: 10rem;\\n\\","    width: 100%;\\n\\","}\\n\\","textarea[readonly] {\\n\\","    background: #ddd;\\n\\","}\\n\\","</style>\\n\\","</head>\\n\\","<body>\\n\\","<!-- utility2-comment\\n\\","<div id=\"ajaxProgressDiv1\" style=\"background: #d00; height: 2px; left: 0; margin: 0; padding: 0; position: fixed; top: 0; transition: background 0.5s, width 1.5s; width: 25%;\"></div>\\n\\","utility2-comment -->\\n\\","<h1>\\n\\","<!-- utility2-comment\\n\\","    <a\\n\\","        {{#if env.npm_package_homepage}}\\n\\","        href=\"{{env.npm_package_homepage}}\"\\n\\","        {{/if env.npm_package_homepage}}\\n\\","        target=\"_blank\"\\n\\","    >\\n\\","utility2-comment -->\\n\\","        {{env.npm_package_name}} (v{{env.npm_package_version}})\\n\\","<!-- utility2-comment\\n\\","    </a>\\n\\","utility2-comment -->\\n\\","</h1>\\n\\","<h3>{{env.npm_package_description}}</h3>\\n\\","<!-- utility2-comment\\n\\","<h4><a download href=\"assets.app.js\">download standalone app</a></h4>\\n\\","<button class=\"onclick onreset\" id=\"testRunButton1\">run internal test</button><br>\\n\\","<div id=\"testReportDiv1\" style=\"display: none;\"></div>\\n\\","utility2-comment -->\\n\\","\\n\\","\\n\\","\\n\\","<label>stderr and stdout</label>\\n\\","<textarea class=\"resettable\" id=\"outputTextareaStdout1\" readonly></textarea>\\n\\","<!-- utility2-comment\\n\\","{{#if isRollup}}\\n\\","<script src=\"assets.app.js\"></script>\\n\\","{{#unless isRollup}}\\n\\","utility2-comment -->\\n\\","<script src=\"assets.utility2.rollup.js\"></script>\\n\\","<script src=\"jsonp.utility2._stateInit?callback=window.utility2._stateInit\"></script>\\n\\","<script src=\"assets.npmtest_moxie_zip.rollup.js\"></script>\\n\\","<script src=\"assets.example.js\"></script>\\n\\","<script src=\"assets.test.js\"></script>\\n\\","<!-- utility2-comment\\n\\","{{/if isRollup}}\\n\\","utility2-comment -->\\n\\","<div class=\"utility2FooterDiv\">\\n\\","    [ this app was created with\\n\\","    <a href=\"https://github.com/kaizhu256/node-utility2\" target=\"_blank\">utility2</a>\\n\\","    ]\\n\\","</div>\\n\\","</body>\\n\\","</html>\\n\\","';","        /* jslint-ignore-end */","        if (local.templateRender) {","            local.assetsDict['/'] = local.templateRender(","                local.assetsDict['/assets.index.template.html'],","                {","                    env: local.objectSetDefault(local.env, {","                        npm_package_description: 'the greatest app in the world!',","                        npm_package_name: 'my-app',","                        npm_package_nameAlias: 'my_app',","                        npm_package_version: '0.0.1'","                    })","                }","            );","        } else {","            local.assetsDict['/'] = local.assetsDict['/assets.index.template.html']","                .replace((/\\{\\{env\\.(\\w+?)\\}\\}/g), function (match0, match1) {","                    // jslint-hack","                    String(match0);","                    switch (match1) {","                    case 'npm_package_description':","                        return 'the greatest app in the world!';","                    case 'npm_package_name':","                        return 'my-app';","                    case 'npm_package_nameAlias':","                        return 'my_app';","                    case 'npm_package_version':","                        return '0.0.1';","                    }","                });","        }","        // run the cli","        if (local.global.utility2_rollup || module !== require.main) {","            break;","        }","        local.assetsDict['/assets.example.js'] =","            local.assetsDict['/assets.example.js'] ||","            local.fs.readFileSync(__filename, 'utf8');","        // bug-workaround - long $npm_package_buildCustomOrg","        /* jslint-ignore-begin */","        local.assetsDict['/assets.npmtest_moxie_zip.rollup.js'] =","            local.assetsDict['/assets.npmtest_moxie_zip.rollup.js'] ||","            local.fs.readFileSync(","                local.npmtest_moxie_zip.__dirname + '/lib.npmtest_moxie_zip.js',","                'utf8'","            ).replace((/^#!/), '//');","        /* jslint-ignore-end */","        local.assetsDict['/favicon.ico'] = local.assetsDict['/favicon.ico'] || '';","        // if $npm_config_timeout_exit exists,","        // then exit this process after $npm_config_timeout_exit ms","        if (Number(process.env.npm_config_timeout_exit)) {","            setTimeout(process.exit, Number(process.env.npm_config_timeout_exit));","        }","        // start server","        if (local.global.utility2_serverHttp1) {","            break;","        }","        process.env.PORT = process.env.PORT || '8081';","        console.error('server starting on port ' + process.env.PORT);","        local.http.createServer(function (request, response) {","            request.urlParsed = local.url.parse(request.url);","            if (local.assetsDict[request.urlParsed.pathname] !== undefined) {","                response.end(local.assetsDict[request.urlParsed.pathname]);","                return;","            }","            response.statusCode = 404;","            response.end();","        }).listen(process.env.PORT);","        break;","    }","}());",""],"l":{"26":2,"28":2,"33":2,"35":2,"37":2,"38":2,"39":2,"44":1,"51":2,"55":2,"59":2,"61":2,"69":1,"70":2,"76":2,"79":2,"82":2,"83":2,"85":1,"89":2,"92":1,"93":1,"94":1,"96":1,"97":1,"100":1,"101":1,"103":1,"106":1,"108":2,"114":1,"116":1,"118":1,"123":1,"124":2,"125":2,"126":3,"127":3,"128":3,"129":3,"130":1,"133":3,"134":3,"139":3,"143":1,"144":3,"145":1,"149":1,"150":1,"158":1,"160":1,"161":1,"162":1,"164":1,"166":1,"258":1,"259":1,"271":1,"274":6,"275":6,"277":1,"279":2,"281":1,"283":2,"288":1,"289":1,"291":1,"296":1,"303":1,"306":1,"307":1,"310":1,"311":1,"313":1,"314":1,"315":1,"316":1,"317":1,"318":1,"319":1,"321":1,"322":1,"324":1}},"/home/travis/build/npmtest/node-npmtest-moxie-zip/node_modules/moxie-zip/lib/ZipWriter.js":{"path":"/home/travis/build/npmtest/node-npmtest-moxie-zip/node_modules/moxie-zip/lib/ZipWriter.js","s":{"1":1,"2":1,"3":1,"4":0,"5":1,"6":0,"7":0,"8":0,"9":0,"10":0,"11":0,"12":1,"13":0,"14":0,"15":0,"16":0,"17":0,"18":0,"19":0,"20":0,"21":0,"22":0,"23":0,"24":0,"25":0,"26":0,"27":0,"28":0,"29":0,"30":0,"31":0,"32":1,"33":0,"34":0,"35":0,"36":0,"37":0,"38":0,"39":0,"40":0,"41":0,"42":0,"43":0,"44":0,"45":1,"46":0,"47":0,"48":1,"49":0,"50":0,"51":0,"52":0,"53":0,"54":0,"55":0,"56":0,"57":0,"58":0,"59":0,"60":0,"61":0,"62":0,"63":0,"64":0,"65":0,"66":0,"67":0,"68":0,"69":0,"70":0,"71":0,"72":0,"73":0,"74":0,"75":0,"76":0,"77":0,"78":0,"79":0,"80":0,"81":0,"82":0,"83":0,"84":0,"85":0,"86":0,"87":0,"88":0,"89":0,"90":0,"91":0,"92":0,"93":0,"94":0,"95":0,"96":0,"97":1,"98":0,"99":0,"100":0,"101":0,"102":0,"103":0,"104":0,"105":0,"106":0,"107":0,"108":0,"109":0,"110":0,"111":0,"112":0,"113":0,"114":0,"115":0,"116":0,"117":0,"118":0,"119":0,"120":0,"121":0,"122":0,"123":1},"b":{"1":[0,0],"2":[0,0],"3":[0,0],"4":[0,0],"5":[0,0],"6":[0,0],"7":[0,0],"8":[0,0],"9":[0,0],"10":[0,0],"11":[0,0],"12":[0,0],"13":[0,0],"14":[0,0],"15":[0,0],"16":[0,0],"17":[0,0],"18":[0,0],"19":[0,0],"20":[0,0]},"f":{"1":0,"2":0,"3":0,"4":0,"5":0,"6":0,"7":0,"8":0,"9":0,"10":0,"11":0,"12":0,"13":0,"14":0,"15":0,"16":0,"17":0,"18":0,"19":0},"fnMap":{"1":{"name":"ZipWriter","line":6,"loc":{"start":{"line":6,"column":0},"end":{"line":6,"column":21}}},"2":{"name":"calculateCrc32","line":9,"loc":{"start":{"line":9,"column":1},"end":{"line":9,"column":30}}},"3":{"name":"pack","line":74,"loc":{"start":{"line":74,"column":1},"end":{"line":74,"column":22}}},"4":{"name":"(anonymous_4)","line":79,"loc":{"start":{"line":79,"column":16},"end":{"line":79,"column":31}}},"5":{"name":"(anonymous_5)","line":89,"loc":{"start":{"line":89,"column":16},"end":{"line":89,"column":38}}},"6":{"name":"normalizeZipPath","line":105,"loc":{"start":{"line":105,"column":1},"end":{"line":105,"column":36}}},"7":{"name":"(anonymous_7)","line":109,"loc":{"start":{"line":109,"column":17},"end":{"line":109,"column":33}}},"8":{"name":"(anonymous_8)","line":114,"loc":{"start":{"line":114,"column":16},"end":{"line":114,"column":45}}},"9":{"name":"(anonymous_9)","line":121,"loc":{"start":{"line":121,"column":15},"end":{"line":121,"column":44}}},"10":{"name":"(anonymous_10)","line":129,"loc":{"start":{"line":129,"column":16},"end":{"line":129,"column":40}}},"11":{"name":"buildZipBuffer","line":140,"loc":{"start":{"line":140,"column":1},"end":{"line":140,"column":27}}},"12":{"name":"append","line":144,"loc":{"start":{"line":144,"column":2},"end":{"line":144,"column":23}}},"13":{"name":"(anonymous_13)","line":153,"loc":{"start":{"line":153,"column":18},"end":{"line":153,"column":34}}},"14":{"name":"(anonymous_14)","line":215,"loc":{"start":{"line":215,"column":18},"end":{"line":215,"column":34}}},"15":{"name":"(anonymous_15)","line":267,"loc":{"start":{"line":267,"column":17},"end":{"line":267,"column":36}}},"16":{"name":"deflateNext","line":270,"loc":{"start":{"line":270,"column":2},"end":{"line":270,"column":25}}},"17":{"name":"(anonymous_17)","line":295,"loc":{"start":{"line":295,"column":27},"end":{"line":295,"column":46}}},"18":{"name":"(anonymous_18)","line":312,"loc":{"start":{"line":312,"column":15},"end":{"line":312,"column":44}}},"19":{"name":"(anonymous_19)","line":313,"loc":{"start":{"line":313,"column":16},"end":{"line":313,"column":30}}}},"statementMap":{"1":{"start":{"line":3,"column":0},"end":{"line":3,"column":23}},"2":{"start":{"line":4,"column":0},"end":{"line":4,"column":27}},"3":{"start":{"line":6,"column":0},"end":{"line":317,"column":1}},"4":{"start":{"line":7,"column":1},"end":{"line":7,"column":18}},"5":{"start":{"line":9,"column":1},"end":{"line":72,"column":2}},"6":{"start":{"line":10,"column":2},"end":{"line":63,"column":4}},"7":{"start":{"line":65,"column":2},"end":{"line":65,"column":15}},"8":{"start":{"line":66,"column":2},"end":{"line":69,"column":3}},"9":{"start":{"line":67,"column":3},"end":{"line":67,"column":39}},"10":{"start":{"line":68,"column":3},"end":{"line":68,"column":41}},"11":{"start":{"line":71,"column":2},"end":{"line":71,"column":18}},"12":{"start":{"line":74,"column":1},"end":{"line":103,"column":2}},"13":{"start":{"line":75,"column":2},"end":{"line":75,"column":56}},"14":{"start":{"line":78,"column":2},"end":{"line":78,"column":26}},"15":{"start":{"line":79,"column":2},"end":{"line":85,"column":5}},"16":{"start":{"line":80,"column":3},"end":{"line":84,"column":4}},"17":{"start":{"line":81,"column":4},"end":{"line":81,"column":20}},"18":{"start":{"line":82,"column":10},"end":{"line":84,"column":4}},"19":{"start":{"line":83,"column":4},"end":{"line":83,"column":20}},"20":{"start":{"line":88,"column":2},"end":{"line":88,"column":34}},"21":{"start":{"line":89,"column":2},"end":{"line":100,"column":5}},"22":{"start":{"line":90,"column":3},"end":{"line":99,"column":4}},"23":{"start":{"line":91,"column":4},"end":{"line":91,"column":47}},"24":{"start":{"line":92,"column":4},"end":{"line":92,"column":13}},"25":{"start":{"line":93,"column":10},"end":{"line":99,"column":4}},"26":{"start":{"line":94,"column":4},"end":{"line":94,"column":47}},"27":{"start":{"line":95,"column":4},"end":{"line":95,"column":13}},"28":{"start":{"line":96,"column":10},"end":{"line":99,"column":4}},"29":{"start":{"line":97,"column":4},"end":{"line":97,"column":46}},"30":{"start":{"line":98,"column":4},"end":{"line":98,"column":13}},"31":{"start":{"line":102,"column":2},"end":{"line":102,"column":16}},"32":{"start":{"line":105,"column":1},"end":{"line":107,"column":2}},"33":{"start":{"line":106,"column":2},"end":{"line":106,"column":61}},"34":{"start":{"line":109,"column":1},"end":{"line":112,"column":3}},"35":{"start":{"line":110,"column":2},"end":{"line":110,"column":44}},"36":{"start":{"line":111,"column":2},"end":{"line":111,"column":22}},"37":{"start":{"line":114,"column":1},"end":{"line":119,"column":3}},"38":{"start":{"line":115,"column":2},"end":{"line":118,"column":5}},"39":{"start":{"line":121,"column":1},"end":{"line":127,"column":3}},"40":{"start":{"line":122,"column":2},"end":{"line":126,"column":5}},"41":{"start":{"line":129,"column":1},"end":{"line":138,"column":3}},"42":{"start":{"line":130,"column":2},"end":{"line":132,"column":3}},"43":{"start":{"line":131,"column":3},"end":{"line":131,"column":27}},"44":{"start":{"line":134,"column":2},"end":{"line":137,"column":5}},"45":{"start":{"line":140,"column":1},"end":{"line":265,"column":2}},"46":{"start":{"line":141,"column":2},"end":{"line":141,"column":19}},"47":{"start":{"line":142,"column":2},"end":{"line":142,"column":17}},"48":{"start":{"line":144,"column":2},"end":{"line":151,"column":3}},"49":{"start":{"line":145,"column":3},"end":{"line":147,"column":4}},"50":{"start":{"line":146,"column":4},"end":{"line":146,"column":26}},"51":{"start":{"line":149,"column":3},"end":{"line":149,"column":21}},"52":{"start":{"line":150,"column":3},"end":{"line":150,"column":24}},"53":{"start":{"line":153,"column":2},"end":{"line":209,"column":5}},"54":{"start":{"line":154,"column":3},"end":{"line":154,"column":20}},"55":{"start":{"line":156,"column":3},"end":{"line":156,"column":35}},"56":{"start":{"line":157,"column":3},"end":{"line":157,"column":39}},"57":{"start":{"line":158,"column":3},"end":{"line":158,"column":48}},"58":{"start":{"line":159,"column":3},"end":{"line":159,"column":23}},"59":{"start":{"line":160,"column":3},"end":{"line":160,"column":23}},"60":{"start":{"line":163,"column":3},"end":{"line":175,"column":4}},"61":{"start":{"line":164,"column":4},"end":{"line":164,"column":35}},"62":{"start":{"line":165,"column":4},"end":{"line":165,"column":23}},"63":{"start":{"line":166,"column":4},"end":{"line":166,"column":45}},"64":{"start":{"line":167,"column":4},"end":{"line":167,"column":23}},"65":{"start":{"line":168,"column":4},"end":{"line":168,"column":49}},"66":{"start":{"line":170,"column":4},"end":{"line":170,"column":45}},"67":{"start":{"line":171,"column":4},"end":{"line":171,"column":23}},"68":{"start":{"line":172,"column":4},"end":{"line":172,"column":49}},"69":{"start":{"line":173,"column":4},"end":{"line":173,"column":23}},"70":{"start":{"line":174,"column":4},"end":{"line":174,"column":42}},"71":{"start":{"line":178,"column":3},"end":{"line":178,"column":29}},"72":{"start":{"line":180,"column":3},"end":{"line":182,"column":4}},"73":{"start":{"line":181,"column":4},"end":{"line":181,"column":43}},"74":{"start":{"line":184,"column":3},"end":{"line":184,"column":25}},"75":{"start":{"line":187,"column":3},"end":{"line":199,"column":6}},"76":{"start":{"line":202,"column":3},"end":{"line":202,"column":20}},"77":{"start":{"line":203,"column":3},"end":{"line":203,"column":23}},"78":{"start":{"line":204,"column":3},"end":{"line":204,"column":22}},"79":{"start":{"line":206,"column":3},"end":{"line":206,"column":23}},"80":{"start":{"line":207,"column":3},"end":{"line":207,"column":23}},"81":{"start":{"line":208,"column":3},"end":{"line":208,"column":56}},"82":{"start":{"line":211,"column":2},"end":{"line":211,"column":27}},"83":{"start":{"line":212,"column":2},"end":{"line":212,"column":25}},"84":{"start":{"line":215,"column":2},"end":{"line":244,"column":5}},"85":{"start":{"line":217,"column":3},"end":{"line":235,"column":6}},"86":{"start":{"line":238,"column":3},"end":{"line":238,"column":22}},"87":{"start":{"line":239,"column":3},"end":{"line":239,"column":23}},"88":{"start":{"line":240,"column":3},"end":{"line":240,"column":25}},"89":{"start":{"line":243,"column":3},"end":{"line":243,"column":88}},"90":{"start":{"line":246,"column":2},"end":{"line":246,"column":19}},"91":{"start":{"line":249,"column":2},"end":{"line":258,"column":5}},"92":{"start":{"line":261,"column":2},"end":{"line":261,"column":18}},"93":{"start":{"line":263,"column":2},"end":{"line":263,"column":38}},"94":{"start":{"line":264,"column":2},"end":{"line":264,"column":16}},"95":{"start":{"line":267,"column":1},"end":{"line":310,"column":3}},"96":{"start":{"line":268,"column":2},"end":{"line":268,"column":17}},"97":{"start":{"line":270,"column":2},"end":{"line":307,"column":3}},"98":{"start":{"line":271,"column":3},"end":{"line":271,"column":12}},"99":{"start":{"line":273,"column":3},"end":{"line":273,"column":32}},"100":{"start":{"line":274,"column":3},"end":{"line":306,"column":4}},"101":{"start":{"line":275,"column":4},"end":{"line":275,"column":47}},"102":{"start":{"line":277,"column":4},"end":{"line":277,"column":64}},"103":{"start":{"line":279,"column":4},"end":{"line":288,"column":5}},"104":{"start":{"line":280,"column":5},"end":{"line":280,"column":41}},"105":{"start":{"line":281,"column":5},"end":{"line":281,"column":31}},"106":{"start":{"line":283,"column":5},"end":{"line":285,"column":6}},"107":{"start":{"line":284,"column":6},"end":{"line":284,"column":41}},"108":{"start":{"line":287,"column":5},"end":{"line":287,"column":30}},"109":{"start":{"line":290,"column":4},"end":{"line":303,"column":5}},"110":{"start":{"line":291,"column":5},"end":{"line":291,"column":40}},"111":{"start":{"line":292,"column":5},"end":{"line":292,"column":25}},"112":{"start":{"line":293,"column":5},"end":{"line":293,"column":30}},"113":{"start":{"line":295,"column":5},"end":{"line":300,"column":8}},"114":{"start":{"line":296,"column":6},"end":{"line":296,"column":23}},"115":{"start":{"line":297,"column":6},"end":{"line":297,"column":31}},"116":{"start":{"line":299,"column":6},"end":{"line":299,"column":20}},"117":{"start":{"line":302,"column":5},"end":{"line":302,"column":19}},"118":{"start":{"line":305,"column":4},"end":{"line":305,"column":31}},"119":{"start":{"line":309,"column":2},"end":{"line":309,"column":16}},"120":{"start":{"line":312,"column":1},"end":{"line":316,"column":3}},"121":{"start":{"line":313,"column":2},"end":{"line":315,"column":5}},"122":{"start":{"line":314,"column":3},"end":{"line":314,"column":41}},"123":{"start":{"line":319,"column":0},"end":{"line":319,"column":37}}},"branchMap":{"1":{"line":80,"type":"if","locations":[{"start":{"line":80,"column":3},"end":{"line":80,"column":3}},{"start":{"line":80,"column":3},"end":{"line":80,"column":3}}]},"2":{"line":82,"type":"if","locations":[{"start":{"line":82,"column":10},"end":{"line":82,"column":10}},{"start":{"line":82,"column":10},"end":{"line":82,"column":10}}]},"3":{"line":82,"type":"binary-expr","locations":[{"start":{"line":82,"column":14},"end":{"line":82,"column":25}},{"start":{"line":82,"column":29},"end":{"line":82,"column":40}}]},"4":{"line":90,"type":"if","locations":[{"start":{"line":90,"column":3},"end":{"line":90,"column":3}},{"start":{"line":90,"column":3},"end":{"line":90,"column":3}}]},"5":{"line":93,"type":"if","locations":[{"start":{"line":93,"column":10},"end":{"line":93,"column":10}},{"start":{"line":93,"column":10},"end":{"line":93,"column":10}}]},"6":{"line":96,"type":"if","locations":[{"start":{"line":96,"column":10},"end":{"line":96,"column":10}},{"start":{"line":96,"column":10},"end":{"line":96,"column":10}}]},"7":{"line":130,"type":"if","locations":[{"start":{"line":130,"column":2},"end":{"line":130,"column":2}},{"start":{"line":130,"column":2},"end":{"line":130,"column":2}}]},"8":{"line":145,"type":"if","locations":[{"start":{"line":145,"column":3},"end":{"line":145,"column":3}},{"start":{"line":145,"column":3},"end":{"line":145,"column":3}}]},"9":{"line":156,"type":"binary-expr","locations":[{"start":{"line":156,"column":17},"end":{"line":156,"column":28}},{"start":{"line":156,"column":32},"end":{"line":156,"column":34}}]},"10":{"line":157,"type":"binary-expr","locations":[{"start":{"line":157,"column":19},"end":{"line":157,"column":32}},{"start":{"line":157,"column":36},"end":{"line":157,"column":38}}]},"11":{"line":158,"type":"cond-expr","locations":[{"start":{"line":158,"column":37},"end":{"line":158,"column":43}},{"start":{"line":158,"column":46},"end":{"line":158,"column":47}}]},"12":{"line":163,"type":"if","locations":[{"start":{"line":163,"column":3},"end":{"line":163,"column":3}},{"start":{"line":163,"column":3},"end":{"line":163,"column":3}}]},"13":{"line":180,"type":"if","locations":[{"start":{"line":180,"column":3},"end":{"line":180,"column":3}},{"start":{"line":180,"column":3},"end":{"line":180,"column":3}}]},"14":{"line":180,"type":"binary-expr","locations":[{"start":{"line":180,"column":7},"end":{"line":180,"column":20}},{"start":{"line":180,"column":24},"end":{"line":180,"column":67}}]},"15":{"line":208,"type":"cond-expr","locations":[{"start":{"line":208,"column":32},"end":{"line":208,"column":42}},{"start":{"line":208,"column":45},"end":{"line":208,"column":55}}]},"16":{"line":274,"type":"if","locations":[{"start":{"line":274,"column":3},"end":{"line":274,"column":3}},{"start":{"line":274,"column":3},"end":{"line":274,"column":3}}]},"17":{"line":277,"type":"cond-expr","locations":[{"start":{"line":277,"column":37},"end":{"line":277,"column":47}},{"start":{"line":277,"column":50},"end":{"line":277,"column":63}}]},"18":{"line":279,"type":"if","locations":[{"start":{"line":279,"column":4},"end":{"line":279,"column":4}},{"start":{"line":279,"column":4},"end":{"line":279,"column":4}}]},"19":{"line":283,"type":"if","locations":[{"start":{"line":283,"column":5},"end":{"line":283,"column":5}},{"start":{"line":283,"column":5},"end":{"line":283,"column":5}}]},"20":{"line":290,"type":"if","locations":[{"start":{"line":290,"column":4},"end":{"line":290,"column":4}},{"start":{"line":290,"column":4},"end":{"line":290,"column":4}}]}},"code":["/*jshint node:true, bitwise:false */","","var fs = require('fs');","var zlib = require('zlib');","","function ZipWriter() {","\tvar entries = [];","","\tfunction calculateCrc32(buf) {","\t\tvar CRC_TABLE = [","\t\t\t0x00000000, 0x77073096, 0xee0e612c, 0x990951ba, 0x076dc419,","\t\t\t0x706af48f, 0xe963a535, 0x9e6495a3, 0x0edb8832, 0x79dcb8a4,","\t\t\t0xe0d5e91e, 0x97d2d988, 0x09b64c2b, 0x7eb17cbd, 0xe7b82d07,","\t\t\t0x90bf1d91, 0x1db71064, 0x6ab020f2, 0xf3b97148, 0x84be41de,","\t\t\t0x1adad47d, 0x6ddde4eb, 0xf4d4b551, 0x83d385c7, 0x136c9856,","\t\t\t0x646ba8c0, 0xfd62f97a, 0x8a65c9ec, 0x14015c4f, 0x63066cd9,","\t\t\t0xfa0f3d63, 0x8d080df5, 0x3b6e20c8, 0x4c69105e, 0xd56041e4,","\t\t\t0xa2677172, 0x3c03e4d1, 0x4b04d447, 0xd20d85fd, 0xa50ab56b,","\t\t\t0x35b5a8fa, 0x42b2986c, 0xdbbbc9d6, 0xacbcf940, 0x32d86ce3,","\t\t\t0x45df5c75, 0xdcd60dcf, 0xabd13d59, 0x26d930ac, 0x51de003a,","\t\t\t0xc8d75180, 0xbfd06116, 0x21b4f4b5, 0x56b3c423, 0xcfba9599,","\t\t\t0xb8bda50f, 0x2802b89e, 0x5f058808, 0xc60cd9b2, 0xb10be924,","\t\t\t0x2f6f7c87, 0x58684c11, 0xc1611dab, 0xb6662d3d, 0x76dc4190,","\t\t\t0x01db7106, 0x98d220bc, 0xefd5102a, 0x71b18589, 0x06b6b51f,","\t\t\t0x9fbfe4a5, 0xe8b8d433, 0x7807c9a2, 0x0f00f934, 0x9609a88e,","\t\t\t0xe10e9818, 0x7f6a0dbb, 0x086d3d2d, 0x91646c97, 0xe6635c01,","\t\t\t0x6b6b51f4, 0x1c6c6162, 0x856530d8, 0xf262004e, 0x6c0695ed,","\t\t\t0x1b01a57b, 0x8208f4c1, 0xf50fc457, 0x65b0d9c6, 0x12b7e950,","\t\t\t0x8bbeb8ea, 0xfcb9887c, 0x62dd1ddf, 0x15da2d49, 0x8cd37cf3,","\t\t\t0xfbd44c65, 0x4db26158, 0x3ab551ce, 0xa3bc0074, 0xd4bb30e2,","\t\t\t0x4adfa541, 0x3dd895d7, 0xa4d1c46d, 0xd3d6f4fb, 0x4369e96a,","\t\t\t0x346ed9fc, 0xad678846, 0xda60b8d0, 0x44042d73, 0x33031de5,","\t\t\t0xaa0a4c5f, 0xdd0d7cc9, 0x5005713c, 0x270241aa, 0xbe0b1010,","\t\t\t0xc90c2086, 0x5768b525, 0x206f85b3, 0xb966d409, 0xce61e49f,","\t\t\t0x5edef90e, 0x29d9c998, 0xb0d09822, 0xc7d7a8b4, 0x59b33d17,","\t\t\t0x2eb40d81, 0xb7bd5c3b, 0xc0ba6cad, 0xedb88320, 0x9abfb3b6,","\t\t\t0x03b6e20c, 0x74b1d29a, 0xead54739, 0x9dd277af, 0x04db2615,","\t\t\t0x73dc1683, 0xe3630b12, 0x94643b84, 0x0d6d6a3e, 0x7a6a5aa8,","\t\t\t0xe40ecf0b, 0x9309ff9d, 0x0a00ae27, 0x7d079eb1, 0xf00f9344,","\t\t\t0x8708a3d2, 0x1e01f268, 0x6906c2fe, 0xf762575d, 0x806567cb,","\t\t\t0x196c3671, 0x6e6b06e7, 0xfed41b76, 0x89d32be0, 0x10da7a5a,","\t\t\t0x67dd4acc, 0xf9b9df6f, 0x8ebeeff9, 0x17b7be43, 0x60b08ed5,","\t\t\t0xd6d6a3e8, 0xa1d1937e, 0x38d8c2c4, 0x4fdff252, 0xd1bb67f1,","\t\t\t0xa6bc5767, 0x3fb506dd, 0x48b2364b, 0xd80d2bda, 0xaf0a1b4c,","\t\t\t0x36034af6, 0x41047a60, 0xdf60efc3, 0xa867df55, 0x316e8eef,","\t\t\t0x4669be79, 0xcb61b38c, 0xbc66831a, 0x256fd2a0, 0x5268e236,","\t\t\t0xcc0c7795, 0xbb0b4703, 0x220216b9, 0x5505262f, 0xc5ba3bbe,","\t\t\t0xb2bd0b28, 0x2bb45a92, 0x5cb36a04, 0xc2d7ffa7, 0xb5d0cf31,","\t\t\t0x2cd99e8b, 0x5bdeae1d, 0x9b64c2b0, 0xec63f226, 0x756aa39c,","\t\t\t0x026d930a, 0x9c0906a9, 0xeb0e363f, 0x72076785, 0x05005713,","\t\t\t0x95bf4a82, 0xe2b87a14, 0x7bb12bae, 0x0cb61b38, 0x92d28e9b,","\t\t\t0xe5d5be0d, 0x7cdcefb7, 0x0bdbdf21, 0x86d3d2d4, 0xf1d4e242,","\t\t\t0x68ddb3f8, 0x1fda836e, 0x81be16cd, 0xf6b9265b, 0x6fb077e1,","\t\t\t0x18b74777, 0x88085ae6, 0xff0f6a70, 0x66063bca, 0x11010b5c,","\t\t\t0x8f659eff, 0xf862ae69, 0x616bffd3, 0x166ccf45, 0xa00ae278,","\t\t\t0xd70dd2ee, 0x4e048354, 0x3903b3c2, 0xa7672661, 0xd06016f7,","\t\t\t0x4969474d, 0x3e6e77db, 0xaed16a4a, 0xd9d65adc, 0x40df0b66,","\t\t\t0x37d83bf0, 0xa9bcae53, 0xdebb9ec5, 0x47b2cf7f, 0x30b5ffe9,","\t\t\t0xbdbdf21c, 0xcabac28a, 0x53b39330, 0x24b4a3a6, 0xbad03605,","\t\t\t0xcdd70693, 0x54de5729, 0x23d967bf, 0xb3667a2e, 0xc4614ab8,","\t\t\t0x5d681b02, 0x2a6f2b94, 0xb40bbe37, 0xc30c8ea1, 0x5a05df1b,","\t\t\t0x2d02ef8d","\t\t];","","\t\tvar crc = ~0;","\t\tfor (var ix = 0; ix < buf.length; ix++) {","\t\t\tvar offset = (crc ^ buf[ix]) & 0xFF;","\t\t\tcrc = (crc >>> 8) ^ CRC_TABLE[offset];","\t\t}","","\t\treturn crc ^ -1;","\t}","","\tfunction pack(items) {","\t\tvar data = arguments, idx = 0, buffer, bufferSize = 0;","","\t\t// Calculate buffer size","\t\titems = items.split('');","\t\titems.forEach(function(type) {","\t\t\tif (type == 'v') {","\t\t\t\tbufferSize += 2;","\t\t\t} else if (type == 'V' || type == 'l') {","\t\t\t\tbufferSize += 4;","\t\t\t}","\t\t});","","\t\t// Fill buffer","\t\tbuffer = new Buffer(bufferSize);","\t\titems.forEach(function(type, index) {","\t\t\tif (type == 'v') {","\t\t\t\tbuffer.writeUInt16LE(data[index + 1], idx);","\t\t\t\tidx += 2;","\t\t\t} else if (type == 'V') {","\t\t\t\tbuffer.writeUInt32LE(data[index + 1], idx);","\t\t\t\tidx += 4;","\t\t\t} else if (type == 'l') {","\t\t\t\tbuffer.writeInt32LE(data[index + 1], idx);","\t\t\t\tidx += 4;","\t\t\t}","\t\t});","","\t\treturn buffer;","\t}","","\tfunction normalizeZipPath(zipPath) {","\t\treturn zipPath.replace(/\\\\/g, '/').replace(/^\\/|\\/$/g, '');","\t}","","\tthis.addEntry = function(entry) {","\t\tentry.path = normalizeZipPath(entry.path);","\t\tentries.push(entry);","\t};","","\tthis.addFile = function(zipPath, localPath) {","\t\tthis.addEntry({","\t\t\tpath: zipPath,","\t\t\tfile: localPath","\t\t});","\t};","","\tthis.addDir = function(zipPath, localPath) {","\t\tthis.addEntry({","\t\t\tpath: zipPath,","\t\t\tfile: localPath,","\t\t\tisFile: false","\t\t});","\t};","","\tthis.addData = function(zipPath, data) {","\t\tif (!Buffer.isBuffer(data)) {","\t\t\tdata = new Buffer(data);","\t\t}","","\t\tthis.addEntry({","\t\t\tpath: zipPath,","\t\t\tdata: data","\t\t});","\t};","","\tfunction buildZipBuffer() {","\t\tvar buffers = [];","\t\tvar length = 0;","","\t\tfunction append(buf) {","\t\t\tif (typeof(buf) == \"string\") {","\t\t\t\tbuf = new Buffer(buf);","\t\t\t}","","\t\t\tbuffers.push(buf);","\t\t\tlength += buf.length;","\t\t}","","\t\tentries.forEach(function(entry) {","\t\t\tvar mtime, mdate;","","\t\t\tentry.extra = entry.extra || \"\";","\t\t\tentry.comment = entry.comment || \"\";","\t\t\tentry.cmethod = entry.csize > 0 ? 0x0008 : 0; // Deflate/Store","\t\t\tmtime = entry.mtime;","\t\t\tmdate = entry.mdate;","","\t\t\t// Convert unix time to dos time","\t\t\tif (entry.mtime instanceof Date) {","\t\t\t\tmtime = entry.mtime.getHours();","\t\t\t\tmtime = mtime << 6;","\t\t\t\tmtime = mtime | entry.mtime.getMinutes();","\t\t\t\tmtime = mtime << 5;","\t\t\t\tmtime = mtime | entry.mtime.getSeconds() / 2;","","\t\t\t\tmdate = entry.mtime.getFullYear() - 1980;","\t\t\t\tmdate = mdate << 4;","\t\t\t\tmdate = mdate | (entry.mtime.getMonth() + 1);","\t\t\t\tmdate = mdate << 5;","\t\t\t\tmdate = mdate | entry.mtime.getDate();","\t\t\t}","","\t\t\t// Setup filename","\t\t\tvar fileName = entry.path;","","\t\t\tif (!entry.isFile && fileName.charAt(fileName.length - 1) != '/') {","\t\t\t\tentry.path = fileName = fileName + \"/\";","\t\t\t}","","\t\t\tentry.offset = length;","","\t\t\t// Write local file header","\t\t\tappend(pack(\"VvvvvvlVVvv\",","\t\t\t\t0x04034b50,        // Local File Header Signature","\t\t\t\t0x0014,            // Version needed to extract","\t\t\t\t0x0002,            // General purpose bit flag","\t\t\t\tentry.cmethod,     // Compression method (deflate)","\t\t\t\tmtime,             // Last mod file time (MS-DOS)","\t\t\t\tmdate,             // Last mod file date (MS-DOS)","\t\t\t\tentry.crc32,       // CRC-32","\t\t\t\tentry.csize,       // Compressed size","\t\t\t\tentry.size,        // Uncompressed size","\t\t\t\tfileName.length,   // Filename length","\t\t\t\tentry.extra.length // Extra field length","\t\t\t));","","\t\t\t// Write variable data","\t\t\tappend(fileName);","\t\t\tappend(entry.extra);","\t\t\tappend(entry.data);","","\t\t\tentry.mtime = mtime;","\t\t\tentry.mdate = mdate;","\t\t\tentry.eattr = entry.isFile ? 0x00000020 : 0x00000030;","\t\t});","","\t\tvar startOffset = length;","\t\tvar centralDirSize = 0;","","\t\t// Write central directory information","\t\tentries.forEach(function(entry) {","\t\t\t// Add central directory file header","\t\t\tappend(pack(\"VvvvvvvlVVvvvvvVV\",","\t\t\t\t0x02014b50,           // Central file header signature","\t\t\t\t0x0014,               // Version made by","\t\t\t\t0x0014,               // Version extracted","\t\t\t\t0x0002,               // General purpose bit flag","\t\t\t\tentry.cmethod,        // Compression method (deflate)","\t\t\t\tentry.mtime,          // Last mod file time (MS-DOS)","\t\t\t\tentry.mdate,          // Last mod file date (MS-DOS)","\t\t\t\tentry.crc32,          // CRC-32","\t\t\t\tentry.csize,          // Compressed size","\t\t\t\tentry.size,           // Uncompressed size","\t\t\t\tentry.path.length,    // Filename length","\t\t\t\tentry.extra.length,   // Extra field length","\t\t\t\tentry.comment.length, // Comment length","\t\t\t\t0,                    // Disk","\t\t\t\t0,                    // Internal file attributes","\t\t\t\tentry.eattr,          // External file attributes","\t\t\t\tentry.offset          // Relative offset of local file header","\t\t\t));","","\t\t\t// Write filename, extra field and comment","\t\t\tappend(entry.path);","\t\t\tappend(entry.extra);","\t\t\tappend(entry.comment);","","\t\t\t// Central directory info size + file name length + extra field length + comment length","\t\t\tcentralDirSize += 46 + entry.path.length + entry.extra.length + entry.comment.length;","\t\t});","","\t\tvar comment = \"\";","","\t\t// Write end of central directory record","\t\tappend(pack(\"VvvvvVVv\",","\t\t\t0x06054b50,       // End of central directory signature","\t\t\t0,                // Number of this disk","\t\t\t0,                // Disk where central directory starts","\t\t\tentries.length,   // Number of central directory records on this disk","\t\t\tentries.length,   // Total number of central directory records","\t\t\tcentralDirSize,   // Size of central directory (bytes)","\t\t\tstartOffset,      // Offset of start of central directory, relative to start of archive","\t\t\tcomment.length    // Zip file comment length","\t\t));","","\t\t// Write comment","\t\tappend(comment);","","\t\tvar buffer = Buffer.concat(buffers);","\t\treturn buffer;","\t}","","\tthis.toBuffer = function(callback) {","\t\tvar index = -1;","","\t\tfunction deflateNext() {","\t\t\tvar data;","","\t\t\tvar entry = entries[++index];","\t\t\tif (entry)  {","\t\t\t\tentry.csize = entry.size = entry.crc32 = 0;","","\t\t\t\tdata = entry.data = entry.data ? entry.data : new Buffer(0);","","\t\t\t\tif (entry.file) {","\t\t\t\t\tvar stats = fs.statSync(entry.file);","\t\t\t\t\tentry.mtime = stats.mtime;","","\t\t\t\t\tif (stats.isFile()) {","\t\t\t\t\t\tdata = fs.readFileSync(entry.file);","\t\t\t\t\t}","\t\t\t\t} else {","\t\t\t\t\tentry.mtime = new Date();","\t\t\t\t}","","\t\t\t\tif (entry.isFile !== false) {","\t\t\t\t\tentry.crc32 = calculateCrc32(data);","\t\t\t\t\tentry.isFile = true;","\t\t\t\t\tentry.size = data.length;","","\t\t\t\t\tzlib.deflateRaw(data, function(err, buf) {","\t\t\t\t\t\tentry.data = buf;","\t\t\t\t\t\tentry.csize = buf.length;","","\t\t\t\t\t\tdeflateNext();","\t\t\t\t\t});","\t\t\t\t} else {","\t\t\t\t\tdeflateNext();","\t\t\t\t}","\t\t\t} else {","\t\t\t\tcallback(buildZipBuffer());","\t\t\t}","\t\t}","","\t\tdeflateNext();","\t};","","\tthis.saveAs = function(filePath, callback) {","\t\tthis.toBuffer(function(buf) {","\t\t\tfs.writeFile(filePath, buf, callback);","\t\t});","\t};","}","","module.exports.ZipWriter = ZipWriter;",""],"l":{"3":1,"4":1,"6":1,"7":0,"9":1,"10":0,"65":0,"66":0,"67":0,"68":0,"71":0,"74":1,"75":0,"78":0,"79":0,"80":0,"81":0,"82":0,"83":0,"88":0,"89":0,"90":0,"91":0,"92":0,"93":0,"94":0,"95":0,"96":0,"97":0,"98":0,"102":0,"105":1,"106":0,"109":0,"110":0,"111":0,"114":0,"115":0,"121":0,"122":0,"129":0,"130":0,"131":0,"134":0,"140":1,"141":0,"142":0,"144":1,"145":0,"146":0,"149":0,"150":0,"153":0,"154":0,"156":0,"157":0,"158":0,"159":0,"160":0,"163":0,"164":0,"165":0,"166":0,"167":0,"168":0,"170":0,"171":0,"172":0,"173":0,"174":0,"178":0,"180":0,"181":0,"184":0,"187":0,"202":0,"203":0,"204":0,"206":0,"207":0,"208":0,"211":0,"212":0,"215":0,"217":0,"238":0,"239":0,"240":0,"243":0,"246":0,"249":0,"261":0,"263":0,"264":0,"267":0,"268":0,"270":1,"271":0,"273":0,"274":0,"275":0,"277":0,"279":0,"280":0,"281":0,"283":0,"284":0,"287":0,"290":0,"291":0,"292":0,"293":0,"295":0,"296":0,"297":0,"299":0,"302":0,"305":0,"309":0,"312":0,"313":0,"314":0,"319":1}}}